<?xml version='1.0' encoding='UTF-8'?>
<testsuite hostname="LAPTOP-RCJM5ALD" name="HelloTester" tests="1" errors="0" failures="0" skipped="0" time="7.362" timestamp="2025-10-06T11:25:56">
          <properties>
      <property name="java.specification.version" value="25"/><property name="sun.cpu.isalist" value="amd64"/><property name="sun.jnu.encoding" value="Cp1252"/><property name="java.class.path" value="C:\Program Files (x86)\sbt\\bin\sbt-launch.jar"/><property name="java.vm.vendor" value="Eclipse Adoptium"/><property name="sun.arch.data.model" value="64"/><property name="user.variant" value=""/><property name="jline.shutdownhook" value="false"/><property name="java.vendor.url" value="https://adoptium.net/"/><property name="user.timezone" value="Europe/Copenhagen"/><property name="user.country.format" value="DK"/><property name="java.vm.specification.version" value="25"/><property name="os.name" value="Windows 11"/><property name="sun.java.launcher" value="SUN_STANDARD"/><property name="user.country" value="GB"/><property name="sun.boot.library.path" value="C:\Program Files\Eclipse Adoptium\jdk-25.0.0.36-hotspot\bin"/><property name="sun.java.command" value="xsbt.boot.Boot testOnly HelloTester"/><property name="jdk.debug" value="release"/><property name="sun.cpu.endian" value="little"/><property name="user.home" value="C:\Users\majah"/><property name="user.language" value="en"/><property name="java.specification.vendor" value="Oracle Corporation"/><property name="sbt.ipcsocket.tmpdir" value="C:\Users\majah\AppData\Local\Temp\.sbt68c86d34\ipcsocket"/><property name="swoval.tmpdir" value="C:\Users\majah\AppData\Local\Temp\.sbt68c86d34\swoval"/><property name="java.version.date" value="2025-09-16"/><property name="java.home" value="C:\Program Files\Eclipse Adoptium\jdk-25.0.0.36-hotspot"/><property name="file.separator" value="\"/><property name="java.vm.compressedOopsMode" value="32-bit"/><property name="line.separator" value="
"/><property name="java.vm.specification.vendor" value="Oracle Corporation"/><property name="java.specification.name" value="Java Platform API Specification"/><property name="user.script" value=""/><property name="jline.esc.timeout" value="0"/><property name="sun.management.compiler" value="HotSpot 64-Bit Tiered Compilers"/><property name="java.runtime.version" value="25+36-LTS"/><property name="user.name" value="majah"/><property name="stdout.encoding" value="cp850"/><property name="path.separator" value=";"/><property name="os.version" value="10.0"/><property name="jna.nosys" value="true"/><property name="java.runtime.name" value="OpenJDK Runtime Environment"/><property name="log4j.ignoreTCL" value="true"/><property name="file.encoding" value="UTF-8"/><property name="jnidispatch.path" value="C:\Users\majah\AppData\Local\Temp\jna-103658493\jna2679854625152004958.dll"/><property name="java.vm.name" value="OpenJDK 64-Bit Server VM"/><property name="java.vendor.version" value="Temurin-25+36"/><property name="jna.loaded" value="true"/><property name="java.vendor.url.bug" value="https://github.com/adoptium/adoptium-support/issues"/><property name="java.io.tmpdir" value="C:\Users\majah\AppData\Local\Temp\"/><property name="java.version" value="25"/><property name="user.dir" value="C:\Users\majah\Documents\DTU\3. Semester\02132 Computer Systems\Assignment 2\codeA2_v2.0"/><property name="os.arch" value="amd64"/><property name="sun.misc.unsafe.memory.access" value="allow"/><property name="java.vm.specification.name" value="Java Virtual Machine Specification"/><property name="sun.os.patch.level" value=""/><property name="native.encoding" value="Cp1252"/><property name="java.library.path" value="C:\Program Files\Eclipse Adoptium\jdk-25.0.0.36-hotspot\bin;C:\Windows\Sun\Java\bin;C:\Windows\system32;C:\Windows;C:\Program Files\Eclipse Adoptium\jdk-25.0.0.36-hotspot\\bin;C:\Program Files\Eclipse Adoptium\jdk-25.0.0.36-hotspot\bin;C:\Program Files\Common Files\Oracle\Java\javapath;C:\Program Files (x86)\Common Files\Oracle\Java\java8path;C:\Program Files (x86)\Common Files\Oracle\Java\javapath;C:\Windows\system32;C:\Windows;C:\Windows\System32\Wbem;C:\Windows\System32\WindowsPowerShell\v1.0\;C:\Windows\System32\OpenSSH\;C:\Program Files\dotnet\;C:\Program Files\Git\cmd;C:\Program Files\Microsoft SQL Server\150\Tools\Binn\;C:\Program Files\Microsoft SQL Server\Client SDK\ODBC\170\Tools\Binn\;C:\Strawberry\c\bin;C:\Strawberry\perl\site\bin;C:\Strawberry\perl\bin;C:\Users\majah\AppData\Local\Programs\Python\Python313;C:\Users\majah\AppData\Local\Programs\Python\Python313\Scripts;C:\Program Files (x86)\sbt\bin;C:\Program Files\Common Files\Oracle\Java\javapath;C:\Program Files (x86)\Common Files\Oracle\Java\java8path;C:\Program Files (x86)\Common Files\Oracle\Java\javapath;C:\Windows\system32;C:\Windows;C:\Windows\System32\Wbem;C:\Windows\System32\WindowsPowerShell\v1.0\;C:\Windows\System32\OpenSSH\;C:\Program Files\dotnet\;C:\Program Files\Git\cmd;C:\Program Files\Microsoft SQL Server\150\Tools\Binn\;C:\Program Files\Microsoft SQL Server\Client SDK\ODBC\170\Tools\Binn\;C:\Strawberry\c\bin;C:\Strawberry\perl\site\bin;C:\Strawberry\perl\bin;C:\Users\majah\AppData\Local\Microsoft\WindowsApps;C:\Users\majah\AppData\Local\Programs\Microsoft VS Code\bin;C:\Users\majah\.dotnet\tools;C:\msys64\ucrt64\bin;C:\Users\majah\AppData\Local\Programs\MiKTeX\miktex\bin\x64\;c:\Users\majah\AppData\Roaming\Code\User\globalStorage\github.copilot-chat\debugCommand;C:\Users\majah\AppData\Local\Programs\Python\Python313;C:\Users\majah\AppData\Local\Programs\Python\Python313\Scripts;C:\Users\majah\AppData\Local\Programs\Python\Python313;C:\Users\majah\AppData\Local\Programs\Python\Python313\Scripts;C:\Program Files (x86)\sbt\bin;;."/><property name="java.vm.info" value="mixed mode, sharing"/><property name="stderr.encoding" value="cp850"/><property name="java.vendor" value="Eclipse Adoptium"/><property name="java.vm.version" value="25+36-LTS"/><property name="stdin.encoding" value="cp850"/><property name="scala.ext.dirs" value="C:\Users\majah\.sbt\1.0\java9-rt-ext-eclipse_adoptium_25"/><property name="sun.io.unicode.encoding" value="UnicodeLittle"/><property name="java.class.version" value="69.0"/>
    </properties>
          <testcase classname="HelloTester" name=" should pass" time="7.362">
                      
                    </testcase>
          <system-out><![CDATA[]]></system-out>
          <system-err><![CDATA[]]></system-err>
        </testsuite>